<?xml version="1.0" encoding="UTF-8"?>
<!-- Generated by org.testng.reporters.JUnitXMLReporter -->
<testsuite hostname="W10HZPT8H2" ignored="2" name="Test" tests="4" failures="0" timestamp="19 Jun 2020 18:11:06 GMT" time="8.871" errors="0">
  <testcase name="validateCreateCustomerAPIWithValidData" time="3.782" classname="com.w2a.API_Automation.testCases.TestCreateCostumerAPI"/>
  <testcase name="validateCreateUserAPIWithValidData" time="1.787" classname="com.w2a.API_Automation.testCases.TestCreateUserAPI"/>
  <testcase name="validateCreateUserAPIWithValidData" time="0.93" classname="com.w2a.API_Automation.testCases.TestCreateUserAPI"/>
  <testcase name="validateCreateUserAPIWithValidData" time="1.296" classname="com.w2a.API_Automation.testCases.TestCreateUserAPI"/>
  <testcase name="@BeforeSuite beforeSuite" time="0.0" classname="com.w2a.API_Automation.setUp.APISetUp">
    <ignored/>
  </testcase> <!-- @BeforeSuite beforeSuite -->
  <testcase name="@AfterSuite afterSuite" time="0.0" classname="com.w2a.API_Automation.setUp.APISetUp">
    <ignored/>
  </testcase> <!-- @AfterSuite afterSuite -->
</testsuite> <!-- Test -->
